<?xml version="1.0" encoding="UTF-8"?>
<!-- Generated by org.testng.reporters.JUnitReportReporter -->
<testsuite hostname="DESKTOP-GE6LMT5" failures="0" tests="3" name="Tests.TestCase01" time="10.950" errors="0" timestamp="2025-04-11T21:07:55 IST" skipped="0">
  <testcase classname="Tests.TestCase01" name="testCase01" time="3.598"/>
  <testcase classname="Tests.TestCase01" name="testCase01" time="3.722"/>
  <testcase classname="Tests.TestCase01" name="testCase01" time="3.630"/>
</testsuite> <!-- Tests.TestCase01 -->
